[ 2019-10-17T11:40:32+08:00 ] 127.0.0.1 /Admin/Index/test3
ERR: 非法操作:test3

[ 2019-10-17T11:40:45+08:00 ] 127.0.0.1 /Admin/Index/test3
ERR: 非法操作:test3

[ 2019-10-17T14:31:51+08:00 ] 127.0.0.1 /Admin/Upload/index
ERR: 无法加载控制器:Upload

[ 2019-10-17T14:34:05+08:00 ] 127.0.0.1 /Admin/Uploads/index
ERR: 无法加载控制器:Uploads

[ 2019-10-17T16:04:11+08:00 ] 127.0.0.1 /Admin/Uploads/index
ERR: 1146:Table 'tp.tpuser' doesn't exist
 [ SQL语句 ] : INSERT INTO `tpuser` (`name`) VALUES ('王小八')

[ 2019-10-17T16:28:48+08:00 ] 127.0.0.1 /Admin/Uploads/index
ERR: 模板不存在:./Application\Admin/View/Uploads/index.html

[ 2019-10-17T17:07:07+08:00 ] 127.0.0.1 /Admin/User/%7Bitems.avatar%7D
ERR: 非法操作:{items.avatar}

[ 2019-10-17T22:26:36+08:00 ] 127.0.0.1 /index.php/Admin/User/detc
ERR: 非法操作:detc

[ 2019-10-17T22:26:42+08:00 ] 127.0.0.1 /index.php/Admin/User/detc
ERR: 非法操作:detc

[ 2019-10-17T22:26:56+08:00 ] 127.0.0.1 /index.php/Admin/User/detc
ERR: 非法操作:detc

[ 2019-10-17T22:59:23+08:00 ] 127.0.0.1 /index.php/Admin/Login/login
ERR: Call to undefined method Admin\Controller\LoginController::display()

[ 2019-10-17T23:17:17+08:00 ] 127.0.0.1 /index.php/Admin/Login/checkLogin.html
INFO: [ app_begin ] --START--
INFO: Run Behavior\ReadHtmlCacheBehavior [ RunTime:0.000748s ]
INFO: [ app_begin ] --END-- [ RunTime:0.001368s ]
SQL: SHOW COLUMNS FROM `user` [ RunTime:0.0104s ]
NOTIC: [8] Undefined index: validate D:\MyPhpstorm\18ThinkPHP\ThinkPHP\Library\Think\Model.class.php 第 1185 行.
NOTIC: [8] Undefined index: auto D:\MyPhpstorm\18ThinkPHP\ThinkPHP\Library\Think\Model.class.php 第 1128 行.
INFO: [ app_end ] --START--
INFO: Run Behavior\ShowPageTraceBehavior [ RunTime:0.000931s ]
INFO: [ app_end ] --END-- [ RunTime:0.000954s ]

[ 2019-10-17T23:18:34+08:00 ] 127.0.0.1 /index.php/Admin/Login/checkLogin.html
INFO: [ app_begin ] --START--
INFO: Run Behavior\ReadHtmlCacheBehavior [ RunTime:0.000773s ]
INFO: [ app_begin ] --END-- [ RunTime:0.001450s ]
SQL: SHOW COLUMNS FROM `user` [ RunTime:0.0098s ]
NOTIC: [8] Undefined index: validate D:\MyPhpstorm\18ThinkPHP\ThinkPHP\Library\Think\Model.class.php 第 1185 行.
NOTIC: [8] Undefined index: auto D:\MyPhpstorm\18ThinkPHP\ThinkPHP\Library\Think\Model.class.php 第 1128 行.
INFO: [ app_end ] --START--
INFO: Run Behavior\ShowPageTraceBehavior [ RunTime:0.000991s ]
INFO: [ app_end ] --END-- [ RunTime:0.001017s ]

[ 2019-10-17T23:19:04+08:00 ] 127.0.0.1 /index.php/Admin/Login/checkLogin.html
INFO: [ app_begin ] --START--
INFO: Run Behavior\ReadHtmlCacheBehavior [ RunTime:0.000742s ]
INFO: [ app_begin ] --END-- [ RunTime:0.001313s ]
SQL: SHOW COLUMNS FROM `user` [ RunTime:0.0103s ]
NOTIC: [8] Undefined index: validate D:\MyPhpstorm\18ThinkPHP\ThinkPHP\Library\Think\Model.class.php 第 1185 行.
NOTIC: [8] Undefined index: auto D:\MyPhpstorm\18ThinkPHP\ThinkPHP\Library\Think\Model.class.php 第 1128 行.
INFO: [ app_end ] --START--
INFO: Run Behavior\ShowPageTraceBehavior [ RunTime:0.000901s ]
INFO: [ app_end ] --END-- [ RunTime:0.000925s ]

[ 2019-10-17T23:27:26+08:00 ] 127.0.0.1 /index.php/Admin/Login/checkLogin.html
INFO: [ app_begin ] --START--
INFO: Run Behavior\ReadHtmlCacheBehavior [ RunTime:0.000737s ]
INFO: [ app_begin ] --END-- [ RunTime:0.001297s ]
SQL: SHOW COLUMNS FROM `user` [ RunTime:0.0107s ]
INFO: [ app_end ] --START--
INFO: Run Behavior\ShowPageTraceBehavior [ RunTime:0.000911s ]
INFO: [ app_end ] --END-- [ RunTime:0.000940s ]

[ 2019-10-17T23:27:57+08:00 ] 127.0.0.1 /index.php/Admin/Login/checkLogin.html
INFO: [ app_begin ] --START--
INFO: Run Behavior\ReadHtmlCacheBehavior [ RunTime:0.000713s ]
INFO: [ app_begin ] --END-- [ RunTime:0.001272s ]
SQL: SHOW COLUMNS FROM `user` [ RunTime:0.0101s ]
INFO: [ app_end ] --START--
INFO: Run Behavior\ShowPageTraceBehavior [ RunTime:0.000913s ]
INFO: [ app_end ] --END-- [ RunTime:0.000935s ]

[ 2019-10-17T23:28:53+08:00 ] 127.0.0.1 /index.php/Admin/Login/checkLogin.html
INFO: [ app_begin ] --START--
INFO: Run Behavior\ReadHtmlCacheBehavior [ RunTime:0.000787s ]
INFO: [ app_begin ] --END-- [ RunTime:0.001466s ]
SQL: SHOW COLUMNS FROM `user` [ RunTime:0.0120s ]
INFO: [ app_end ] --START--
INFO: Run Behavior\ShowPageTraceBehavior [ RunTime:0.000986s ]
INFO: [ app_end ] --END-- [ RunTime:0.001010s ]

[ 2019-10-17T23:29:01+08:00 ] 127.0.0.1 /index.php/Admin/Login/checkLogin.html
INFO: [ app_begin ] --START--
INFO: Run Behavior\ReadHtmlCacheBehavior [ RunTime:0.000757s ]
INFO: [ app_begin ] --END-- [ RunTime:0.001410s ]
SQL: SHOW COLUMNS FROM `user` [ RunTime:0.0111s ]
INFO: [ app_end ] --START--
INFO: Run Behavior\ShowPageTraceBehavior [ RunTime:0.000902s ]
INFO: [ app_end ] --END-- [ RunTime:0.000929s ]

[ 2019-10-17T23:34:36+08:00 ] 127.0.0.1 /index.php/Admin/Login/checkLogin.html
INFO: [ app_begin ] --START--
INFO: Run Behavior\ReadHtmlCacheBehavior [ RunTime:0.000766s ]
INFO: [ app_begin ] --END-- [ RunTime:0.001318s ]
SQL: SHOW COLUMNS FROM `user` [ RunTime:0.0105s ]

